<testsuites id="" name="" tests="46" failures="0" skipped="0" errors="0" time="16.690523">
<testsuite name="reading/accessibility.spec.ts" timestamp="2026-01-07T16:21:32.764Z" hostname="chromium" tests="8" failures="0" skipped="0" time="21.639" errors="0">
<testcase name="Accessibility › should support keyboard navigation through verses" classname="reading/accessibility.spec.ts" time="2.457">
</testcase>
<testcase name="Accessibility › should have proper focus indicators" classname="reading/accessibility.spec.ts" time="2.483">
</testcase>
<testcase name="Accessibility › should have proper ARIA labels on interactive elements" classname="reading/accessibility.spec.ts" time="2.817">
</testcase>
<testcase name="Accessibility › should have proper heading hierarchy" classname="reading/accessibility.spec.ts" time="2.7">
</testcase>
<testcase name="Accessibility › should have proper lang attribute on page" classname="reading/accessibility.spec.ts" time="2.633">
</testcase>
<testcase name="Accessibility › should have meaningful alt text on images" classname="reading/accessibility.spec.ts" time="2.713">
</testcase>
<testcase name="Accessibility › should support Enter key activation on buttons" classname="reading/accessibility.spec.ts" time="2.796">
</testcase>
<testcase name="Accessibility › should maintain color contrast ratios" classname="reading/accessibility.spec.ts" time="3.04">
</testcase>
</testsuite>
<testsuite name="reading/audio.spec.ts" timestamp="2026-01-07T16:21:32.764Z" hostname="chromium" tests="4" failures="0" skipped="0" time="11.253" errors="0">
<testcase name="Audio Functionality › should show play button for verses" classname="reading/audio.spec.ts" time="2.449">
</testcase>
<testcase name="Audio Functionality › should display audio player when play is triggered" classname="reading/audio.spec.ts" time="3.42">
</testcase>
<testcase name="Audio Functionality › should have accessible audio controls" classname="reading/audio.spec.ts" time="2.46">
</testcase>
<testcase name="Audio Functionality › should support keyboard shortcuts for audio" classname="reading/audio.spec.ts" time="2.924">
</testcase>
</testsuite>
<testsuite name="reading/bookmarking.spec.ts" timestamp="2026-01-07T16:21:32.764Z" hostname="chromium" tests="5" failures="0" skipped="0" time="14.749" errors="0">
<testcase name="Bookmarking Functionality › should display bookmark buttons on verses" classname="reading/bookmarking.spec.ts" time="2.506">
</testcase>
<testcase name="Bookmarking Functionality › should toggle bookmark state when clicked" classname="reading/bookmarking.spec.ts" time="3.438">
</testcase>
<testcase name="Bookmarking Functionality › should persist bookmarks in localStorage" classname="reading/bookmarking.spec.ts" time="2.396">
</testcase>
<testcase name="Bookmarking Functionality › should navigate to bookmarks page or sidebar" classname="reading/bookmarking.spec.ts" time="2.991">
</testcase>
<testcase name="Bookmarking Functionality › should show bookmarked verses in bookmarks view" classname="reading/bookmarking.spec.ts" time="3.418">
</testcase>
</testsuite>
<testsuite name="reading/navigation.spec.ts" timestamp="2026-01-07T16:21:32.764Z" hostname="chromium" tests="5" failures="0" skipped="0" time="16.421" errors="0">
<testcase name="Navigation and Verse Display › should navigate to surah and display verses" classname="reading/navigation.spec.ts" time="2.93">
</testcase>
<testcase name="Navigation and Verse Display › should display surah information correctly" classname="reading/navigation.spec.ts" time="2.202">
</testcase>
<testcase name="Navigation and Verse Display › should navigate between consecutive surahs" classname="reading/navigation.spec.ts" time="3.295">
</testcase>
<testcase name="Navigation and Verse Display › should support direct URL navigation to any surah" classname="reading/navigation.spec.ts" time="6.008">
</testcase>
<testcase name="Navigation and Verse Display › should handle invalid surah gracefully" classname="reading/navigation.spec.ts" time="1.986">
</testcase>
</testsuite>
<testsuite name="reading/performance.spec.ts" timestamp="2026-01-07T16:21:32.764Z" hostname="chromium" tests="7" failures="0" skipped="0" time="16.288" errors="0">
<testcase name="Performance › should load surah page within acceptable time" classname="reading/performance.spec.ts" time="1.296">
</testcase>
<testcase name="Performance › should render verses efficiently with virtual scrolling" classname="reading/performance.spec.ts" time="2.627">
</testcase>
<testcase name="Performance › should handle navigation between surahs quickly" classname="reading/performance.spec.ts" time="2.379">
</testcase>
<testcase name="Performance › should cache assets for faster subsequent loads" classname="reading/performance.spec.ts" time="3.443">
</testcase>
<testcase name="Performance › should not have memory leaks with repeated navigation" classname="reading/performance.spec.ts" time="3.562">
</testcase>
<testcase name="Performance › should load web fonts efficiently" classname="reading/performance.spec.ts" time="2.146">
</testcase>
<testcase name="Performance › should measure First Contentful Paint" classname="reading/performance.spec.ts" time="0.835">
</testcase>
</testsuite>
<testsuite name="reading/responsive.spec.ts" timestamp="2026-01-07T16:21:32.764Z" hostname="chromium" tests="7" failures="0" skipped="0" time="14.253" errors="0">
<testcase name="Responsive Design › should display correctly on Mobile (375x812)" classname="reading/responsive.spec.ts" time="1.883">
</testcase>
<testcase name="Responsive Design › should display correctly on Tablet (768x1024)" classname="reading/responsive.spec.ts" time="2.385">
</testcase>
<testcase name="Responsive Design › should display correctly on Desktop (1280x800)" classname="reading/responsive.spec.ts" time="2.278">
</testcase>
<testcase name="Responsive Design › should show mobile navigation on small screens" classname="reading/responsive.spec.ts" time="1.644">
</testcase>
<testcase name="Responsive Design › should have touch-friendly button sizes on mobile" classname="reading/responsive.spec.ts" time="2.282">
</testcase>
<testcase name="Responsive Design › should adapt audio player for mobile viewport" classname="reading/responsive.spec.ts" time="1.83">
</testcase>
<testcase name="Responsive Design › should stack content vertically on narrow screens" classname="reading/responsive.spec.ts" time="1.951">
</testcase>
</testsuite>
<testsuite name="reading/search.spec.ts" timestamp="2026-01-07T16:21:32.764Z" hostname="chromium" tests="5" failures="0" skipped="0" time="10.57" errors="0">
<testcase name="Search Functionality › should display search input" classname="reading/search.spec.ts" time="1.858">
</testcase>
<testcase name="Search Functionality › should navigate to search page" classname="reading/search.spec.ts" time="1.433">
</testcase>
<testcase name="Search Functionality › should show results when searching for common term" classname="reading/search.spec.ts" time="4.361">
</testcase>
<testcase name="Search Functionality › should highlight searched term in results" classname="reading/search.spec.ts" time="1.472">
</testcase>
<testcase name="Search Functionality › should navigate to verse when clicking search result" classname="reading/search.spec.ts" time="1.446">
</testcase>
</testsuite>
<testsuite name="reading/translation.spec.ts" timestamp="2026-01-07T16:21:32.764Z" hostname="chromium" tests="5" failures="0" skipped="0" time="8.815" errors="0">
<testcase name="Translation Functionality › should display translation alongside Arabic text" classname="reading/translation.spec.ts" time="1.604">
</testcase>
<testcase name="Translation Functionality › should toggle translation visibility" classname="reading/translation.spec.ts" time="2.201">
</testcase>
<testcase name="Translation Functionality › should access translation settings" classname="reading/translation.spec.ts" time="1.7">
</testcase>
<testcase name="Translation Functionality › should display both Arabic and English text together" classname="reading/translation.spec.ts" time="1.727">
</testcase>
<testcase name="Translation Functionality › should persist translation preference" classname="reading/translation.spec.ts" time="1.583">
</testcase>
</testsuite>
</testsuites>